<?xml version="1.0" encoding="UTF-8"?>
<testng-results skipped="0" failed="0" ignored="0" total="2" passed="2">
  <reporter-output>
  </reporter-output>
  <suite name="Default suite" duration-ms="30" started-at="2024-04-03T16:30:10 CEST" finished-at="2024-04-03T16:30:10 CEST">
    <groups>
    </groups>
    <test name="Default test" duration-ms="30" started-at="2024-04-03T16:30:10 CEST" finished-at="2024-04-03T16:30:10 CEST">
      <class name="days.Day3Test">
        <test-method status="PASS" signature="testNumberOfHusesWithPresentsBySanta()[pri:0, instance:days.Day3Test@3b0143d3]" name="testNumberOfHusesWithPresentsBySanta" duration-ms="5" started-at="2024-04-03T16:30:10 CEST" finished-at="2024-04-03T16:30:10 CEST">
          <reporter-output>
          </reporter-output>
        </test-method> <!-- testNumberOfHusesWithPresentsBySanta -->
        <test-method status="PASS" signature="testNumberOfHusesWithPresentsBySantaAndRoboSanta()[pri:0, instance:days.Day3Test@3b0143d3]" name="testNumberOfHusesWithPresentsBySantaAndRoboSanta" duration-ms="3" started-at="2024-04-03T16:30:10 CEST" finished-at="2024-04-03T16:30:10 CEST">
          <reporter-output>
          </reporter-output>
        </test-method> <!-- testNumberOfHusesWithPresentsBySantaAndRoboSanta -->
      </class> <!-- days.Day3Test -->
    </test> <!-- Default test -->
  </suite> <!-- Default suite -->
</testng-results>
